0 info it worked if it ends with ok
1 verbose cli [ 'node', '/usr/local/bin/npm', 'install', '--save', 'react' ]
2 info using npm@1.4.28
3 info using node@v0.10.35
4 warn package.json skeleton@1.0.0 No description
5 warn package.json skeleton@1.0.0 No repository field.
6 warn package.json skeleton@1.0.0 No README data
7 verbose readDependencies using package.json deps
8 verbose cache add [ 'react', null ]
9 verbose cache add name=undefined spec="react" args=["react",null]
10 verbose parsed url { protocol: null,
10 verbose parsed url   slashes: null,
10 verbose parsed url   auth: null,
10 verbose parsed url   host: null,
10 verbose parsed url   port: null,
10 verbose parsed url   hostname: null,
10 verbose parsed url   hash: null,
10 verbose parsed url   search: null,
10 verbose parsed url   query: null,
10 verbose parsed url   pathname: 'react',
10 verbose parsed url   path: 'react',
10 verbose parsed url   href: 'react' }
11 silly lockFile 6b810c90-react react
12 verbose lock react /Users/codepoet/.npm/6b810c90-react.lock
13 silly lockFile 6b810c90-react react
14 silly lockFile 6b810c90-react react
15 verbose addNamed [ 'react', '' ]
16 verbose addNamed [ null, '*' ]
17 silly lockFile 0baa5bb3-react react@
18 verbose lock react@ /Users/codepoet/.npm/0baa5bb3-react.lock
19 silly addNameRange { name: 'react', range: '*', hasData: false }
20 verbose request where is /react
21 verbose request registry https://registry.npmjs.org/
22 verbose request id 24106f77e2251b34
23 verbose url raw /react
24 verbose url resolving [ 'https://registry.npmjs.org/', './react' ]
25 verbose url resolved https://registry.npmjs.org/react
26 verbose request where is https://registry.npmjs.org/react
27 info trying registry request attempt 1 at 12:05:20
28 verbose etag "AUG5T6XHA3W7ZU3W1JZZDIXVX"
29 http GET https://registry.npmjs.org/react
30 http 200 https://registry.npmjs.org/react
31 silly registry.get cb [ 200,
31 silly registry.get   { server: 'CouchDB/1.5.0 (Erlang OTP/R16B03)',
31 silly registry.get     etag: '"6QM30X3BDXLYYB16RQB46DSI3"',
31 silly registry.get     'content-type': 'application/json',
31 silly registry.get     'cache-control': 'max-age=300',
31 silly registry.get     'content-length': '78261',
31 silly registry.get     'accept-ranges': 'bytes',
31 silly registry.get     date: 'Mon, 11 Jan 2016 20:05:20 GMT',
31 silly registry.get     via: '1.1 varnish',
31 silly registry.get     age: '128',
31 silly registry.get     connection: 'keep-alive',
31 silly registry.get     'x-served-by': 'cache-sjc3126-SJC',
31 silly registry.get     'x-cache': 'HIT',
31 silly registry.get     'x-cache-hits': '5',
31 silly registry.get     'x-timer': 'S1452542720.809743,VS0,VE0',
31 silly registry.get     vary: 'Accept' } ]
32 silly addNameRange number 2 { name: 'react', range: '*', hasData: true }
33 silly addNameRange versions [ 'react',
33 silly addNameRange   [ '0.0.1',
33 silly addNameRange     '0.0.2',
33 silly addNameRange     '0.0.3',
33 silly addNameRange     '0.1.2',
33 silly addNameRange     '0.2.0',
33 silly addNameRange     '0.2.1',
33 silly addNameRange     '0.2.2',
33 silly addNameRange     '0.2.3',
33 silly addNameRange     '0.2.4',
33 silly addNameRange     '0.2.5',
33 silly addNameRange     '0.2.6',
33 silly addNameRange     '0.3.0',
33 silly addNameRange     '0.3.4',
33 silly addNameRange     '0.3.5',
33 silly addNameRange     '0.5.0',
33 silly addNameRange     '0.5.1',
33 silly addNameRange     '0.5.2',
33 silly addNameRange     '0.6.0',
33 silly addNameRange     '0.6.1',
33 silly addNameRange     '0.6.2',
33 silly addNameRange     '0.6.3',
33 silly addNameRange     '0.7.0',
33 silly addNameRange     '0.7.1',
33 silly addNameRange     '0.8.0',
33 silly addNameRange     '0.9.0-rc1',
33 silly addNameRange     '0.9.0',
33 silly addNameRange     '0.10.0-rc1',
33 silly addNameRange     '0.10.0',
33 silly addNameRange     '0.11.0-rc1',
33 silly addNameRange     '0.11.0',
33 silly addNameRange     '0.11.1',
33 silly addNameRange     '0.11.2',
33 silly addNameRange     '0.12.0-rc1',
33 silly addNameRange     '0.12.0',
33 silly addNameRange     '0.12.1',
33 silly addNameRange     '0.12.2',
33 silly addNameRange     '0.13.0-alpha.1',
33 silly addNameRange     '0.13.0-alpha.2',
33 silly addNameRange     '0.13.0-beta.1',
33 silly addNameRange     '0.13.0-beta.2',
33 silly addNameRange     '0.13.0-rc1',
33 silly addNameRange     '0.13.0-rc2',
33 silly addNameRange     '0.13.0',
33 silly addNameRange     '0.13.1',
33 silly addNameRange     '0.13.2',
33 silly addNameRange     '0.13.3',
33 silly addNameRange     '0.14.0-alpha1',
33 silly addNameRange     '0.14.0-alpha2',
33 silly addNameRange     '0.14.0-alpha3',
33 silly addNameRange     '0.14.0-beta1',
33 silly addNameRange     '0.14.0-beta2',
33 silly addNameRange     '0.14.0-beta3',
33 silly addNameRange     '0.14.0-rc1',
33 silly addNameRange     '0.14.0',
33 silly addNameRange     '0.14.1',
33 silly addNameRange     '0.14.2',
33 silly addNameRange     '0.14.3',
33 silly addNameRange     '0.14.4',
33 silly addNameRange     '0.14.5',
33 silly addNameRange     '0.14.6' ] ]
34 verbose addNamed [ 'react', '0.14.6' ]
35 verbose addNamed [ '0.14.6', '0.14.6' ]
36 silly lockFile b14b93e3-react-0-14-6 react@0.14.6
37 verbose lock react@0.14.6 /Users/codepoet/.npm/b14b93e3-react-0-14-6.lock
38 silly lockFile d372f966-npmjs-org-react-react-0-14-6-tgz https://registry.npmjs.org/react/-/react-0.14.6.tgz
39 verbose lock https://registry.npmjs.org/react/-/react-0.14.6.tgz /Users/codepoet/.npm/d372f966-npmjs-org-react-react-0-14-6-tgz.lock
40 verbose addRemoteTarball [ 'https://registry.npmjs.org/react/-/react-0.14.6.tgz',
40 verbose addRemoteTarball   '2a57c2cf8747b483759ad8de0fa47fb0c5cf5c6a' ]
41 info retry fetch attempt 1 at 12:05:20
42 verbose fetch to= /var/folders/mb/tf8bs5b94gs47g29ywsx9m9r0000gn/T/npm-11169-OyH7MuOw/registry.npmjs.org/react/-/react-0.14.6.tgz
43 http GET https://registry.npmjs.org/react/-/react-0.14.6.tgz
44 http 200 https://registry.npmjs.org/react/-/react-0.14.6.tgz
45 silly lockFile d372f966-npmjs-org-react-react-0-14-6-tgz https://registry.npmjs.org/react/-/react-0.14.6.tgz
46 silly lockFile d372f966-npmjs-org-react-react-0-14-6-tgz https://registry.npmjs.org/react/-/react-0.14.6.tgz
47 silly lockFile b14b93e3-react-0-14-6 react@0.14.6
48 silly lockFile b14b93e3-react-0-14-6 react@0.14.6
49 silly lockFile 0baa5bb3-react react@
50 silly lockFile 0baa5bb3-react react@
51 error Error: EACCES, mkdir '/Users/codepoet/.npm/react/0.14.6'
51 error  { [Error: EACCES, mkdir '/Users/codepoet/.npm/react/0.14.6']
51 error   errno: 3,
51 error   code: 'EACCES',
51 error   path: '/Users/codepoet/.npm/react/0.14.6',
51 error   parent: 'skeleton' }
52 error Please try running this command again as root/Administrator.
53 error System Darwin 14.4.0
54 error command "node" "/usr/local/bin/npm" "install" "--save" "react"
55 error cwd /Users/codepoet/Documents/Udemy/react-seed/skeleton
56 error node -v v0.10.35
57 error npm -v 1.4.28
58 error path /Users/codepoet/.npm/react/0.14.6
59 error code EACCES
60 error errno 3
61 error stack Error: EACCES, mkdir '/Users/codepoet/.npm/react/0.14.6'
62 verbose exit [ 3, true ]
